\BOOKMARK [0][-]{chapter.1}{Introduction}{}
\BOOKMARK [1][-]{section.1.1}{What is PLUMED?}{chapter.1}
\BOOKMARK [1][-]{section.1.2}{Supported codes}{chapter.1}
\BOOKMARK [1][-]{section.1.3}{Features}{chapter.1}
\BOOKMARK [1][-]{section.1.4}{New in version 1.3}{chapter.1}
\BOOKMARK [1][-]{section.1.5}{Restrictions}{chapter.1}
\BOOKMARK [1][-]{section.1.6}{The PLUMED package}{chapter.1}
\BOOKMARK [1][-]{section.1.7}{Online resources}{chapter.1}
\BOOKMARK [1][-]{section.1.8}{Credits}{chapter.1}
\BOOKMARK [1][-]{section.1.9}{Citing PLUMED}{chapter.1}
\BOOKMARK [1][-]{section.1.10}{License}{chapter.1}
\BOOKMARK [0][-]{chapter.2}{Installation}{}
\BOOKMARK [1][-]{section.2.1}{Compiling PLUMED}{chapter.2}
\BOOKMARK [2][-]{subsection.2.1.1}{Compiling the ACEMD plugin with PLUMED}{section.2.1}
\BOOKMARK [1][-]{section.2.2}{Including reconnaissance metadynamics}{chapter.2}
\BOOKMARK [1][-]{section.2.3}{Testing the installation}{chapter.2}
\BOOKMARK [1][-]{section.2.4}{Back to the original code}{chapter.2}
\BOOKMARK [1][-]{section.2.5}{The Python interface to PLUMED}{chapter.2}
\BOOKMARK [0][-]{chapter.3}{Running free-energy simulations}{}
\BOOKMARK [1][-]{section.3.1}{How to activate PLUMED}{chapter.3}
\BOOKMARK [1][-]{section.3.2}{The input file}{chapter.3}
\BOOKMARK [1][-]{section.3.3}{A note on units}{chapter.3}
\BOOKMARK [1][-]{section.3.4}{Metadynamics}{chapter.3}
\BOOKMARK [2][-]{subsection.3.4.1}{Typical output}{section.3.4}
\BOOKMARK [2][-]{subsection.3.4.2}{Bias potential}{section.3.4}
\BOOKMARK [2][-]{subsection.3.4.3}{Well-tempered metadynamics}{section.3.4}
\BOOKMARK [2][-]{subsection.3.4.4}{Restarting a metadynamics run}{section.3.4}
\BOOKMARK [2][-]{subsection.3.4.5}{Using GRID}{section.3.4}
\BOOKMARK [2][-]{subsection.3.4.6}{Multiple walkers}{section.3.4}
\BOOKMARK [2][-]{subsection.3.4.7}{Monitoring a collective variable without biasing it}{section.3.4}
\BOOKMARK [2][-]{subsection.3.4.8}{Defining an interval}{section.3.4}
\BOOKMARK [2][-]{subsection.3.4.9}{Inversion condition}{section.3.4}
\BOOKMARK [1][-]{section.3.5}{Running in parallel}{chapter.3}
\BOOKMARK [1][-]{section.3.6}{Replica exchange methods}{chapter.3}
\BOOKMARK [2][-]{subsection.3.6.1}{Parallel tempering metadynamics}{section.3.6}
\BOOKMARK [2][-]{subsection.3.6.2}{Bias exchange simulations}{section.3.6}
\BOOKMARK [1][-]{section.3.7}{Umbrella sampling}{chapter.3}
\BOOKMARK [1][-]{section.3.8}{Steered MD}{chapter.3}
\BOOKMARK [2][-]{subsection.3.8.1}{Steerplan}{section.3.8}
\BOOKMARK [1][-]{section.3.9}{Adiabatic Bias MD}{chapter.3}
\BOOKMARK [1][-]{section.3.10}{External potentials}{chapter.3}
\BOOKMARK [2][-]{subsection.3.10.1}{Walls}{section.3.10}
\BOOKMARK [2][-]{subsection.3.10.2}{Tabulated potentials}{section.3.10}
\BOOKMARK [1][-]{section.3.11}{Commitment analysis}{chapter.3}
\BOOKMARK [1][-]{section.3.12}{Projection of gradients}{chapter.3}
\BOOKMARK [1][-]{section.3.13}{Reconnaissance metadynamics}{chapter.3}
\BOOKMARK [2][-]{subsection.3.13.1}{Typical output}{section.3.13}
\BOOKMARK [2][-]{subsection.3.13.2}{Controlling the clustering}{section.3.13}
\BOOKMARK [2][-]{subsection.3.13.3}{Controlling the bias}{section.3.13}
\BOOKMARK [2][-]{subsection.3.13.4}{Restarting a simulation}{section.3.13}
\BOOKMARK [2][-]{subsection.3.13.5}{Using a subset of the defined cvs}{section.3.13}
\BOOKMARK [1][-]{section.3.14}{Driven Adiabatic Free Energy Dynamics \(d-AFED\)}{chapter.3}
\BOOKMARK [2][-]{subsection.3.14.1}{Input for d-AFED}{section.3.14}
\BOOKMARK [2][-]{subsection.3.14.2}{Typical output for d-AFED}{section.3.14}
\BOOKMARK [0][-]{chapter.4}{Collective variables}{}
\BOOKMARK [1][-]{section.4.1}{Absolute position}{chapter.4}
\BOOKMARK [1][-]{section.4.2}{Distance}{chapter.4}
\BOOKMARK [1][-]{section.4.3}{Minimum distance}{chapter.4}
\BOOKMARK [1][-]{section.4.4}{Angles}{chapter.4}
\BOOKMARK [1][-]{section.4.5}{Torsion}{chapter.4}
\BOOKMARK [1][-]{section.4.6}{Coordination number}{chapter.4}
\BOOKMARK [1][-]{section.4.7}{Hydrogen bonds}{chapter.4}
\BOOKMARK [1][-]{section.4.8}{Interfacial water}{chapter.4}
\BOOKMARK [1][-]{section.4.9}{Radius of gyration}{chapter.4}
\BOOKMARK [2][-]{subsection.4.9.1}{Gyration tensor based CVs}{section.4.9}
\BOOKMARK [1][-]{section.4.10}{Dipole}{chapter.4}
\BOOKMARK [1][-]{section.4.11}{Dihedral correlation}{chapter.4}
\BOOKMARK [1][-]{section.4.12}{Alpha-beta similarity}{chapter.4}
\BOOKMARK [1][-]{section.4.13}{Alpharmsd}{chapter.4}
\BOOKMARK [1][-]{section.4.14}{Antibetarmsd}{chapter.4}
\BOOKMARK [1][-]{section.4.15}{Parabetarmsd}{chapter.4}
\BOOKMARK [1][-]{section.4.16}{Electrostatic potential}{chapter.4}
\BOOKMARK [1][-]{section.4.17}{Puckering coordinates}{chapter.4}
\BOOKMARK [1][-]{section.4.18}{Path collective variables}{chapter.4}
\BOOKMARK [2][-]{subsection.4.18.1}{Mean square deviation}{section.4.18}
\BOOKMARK [2][-]{subsection.4.18.2}{Distance mean square deviation}{section.4.18}
\BOOKMARK [2][-]{subsection.4.18.3}{Contact map distances}{section.4.18}
\BOOKMARK [2][-]{subsection.4.18.4}{Using path variables as MSD, DMSD and CMAP and the TARGETED statement}{section.4.18}
\BOOKMARK [1][-]{section.4.19}{Contact Map}{chapter.4}
\BOOKMARK [1][-]{section.4.20}{Energy}{chapter.4}
\BOOKMARK [1][-]{section.4.21}{Helix loops}{chapter.4}
\BOOKMARK [1][-]{section.4.22}{PCA projection}{chapter.4}
\BOOKMARK [1][-]{section.4.23}{SPRINT topological variables}{chapter.4}
\BOOKMARK [1][-]{section.4.24}{Radial distribution function}{chapter.4}
\BOOKMARK [1][-]{section.4.25}{Angular distribution function}{chapter.4}
\BOOKMARK [1][-]{section.4.26}{Polynomial combination of CVs}{chapter.4}
\BOOKMARK [1][-]{section.4.27}{Function of CVs}{chapter.4}
\BOOKMARK [1][-]{section.4.28}{A note on periodic boundary conditions}{chapter.4}
\BOOKMARK [0][-]{chapter.5}{Postprocessing}{}
\BOOKMARK [1][-]{section.5.1}{Estimating the free energy after a metadynamics run}{chapter.5}
\BOOKMARK [2][-]{subsection.5.1.1}{Installation instructions}{section.5.1}
\BOOKMARK [2][-]{subsection.5.1.2}{Usage}{section.5.1}
\BOOKMARK [1][-]{section.5.2}{Evaluating collective variables on MD trajectories}{chapter.5}
\BOOKMARK [2][-]{subsection.5.2.1}{Installation instructions}{section.5.2}
\BOOKMARK [2][-]{subsection.5.2.2}{Usage}{section.5.2}
\BOOKMARK [1][-]{section.5.3}{Processing COLVAR files}{chapter.5}
\BOOKMARK [1][-]{section.5.4}{PLUMED as a standalone program}{chapter.5}
\BOOKMARK [2][-]{subsection.5.4.1}{Installation instructions}{section.5.4}
\BOOKMARK [2][-]{subsection.5.4.2}{Usage}{section.5.4}
\BOOKMARK [1][-]{section.5.5}{Reweighting well-tempered metadynamics calculations}{chapter.5}
\BOOKMARK [2][-]{subsection.5.5.1}{Installation instructions}{section.5.5}
\BOOKMARK [2][-]{subsection.5.5.2}{Usage}{section.5.5}
\BOOKMARK [1][-]{section.5.6}{Bias-exchange simulations via the linux shell}{chapter.5}
